1,51c1,46
< subroutine gene_epsi_3D(ep1,nx,ny,nz,dx,dy,dz,xlx,yly,zlz ,&
<      nclx,ncly,nclz,nxraf,nyraf,nzraf   ,&
<      xi,xf,yi,yf,zi,zf,nobjx,nobjy,nobjz,&
<      nobjmax,yp,nraf)
<   use param, only : zero,one,istret
<   use decomp_2d
<   use MPI
<   USE var, only : ta2,ta3
<   implicit none
<   !
<   real(mytype),dimension(xsize(1),xsize(2),xsize(3)) :: ep1
<   !real(mytype),dimension(ysize(1),ysize(2),ysize(3)) :: ep2
<   !real(mytype),dimension(zsize(1),zsize(2),zsize(3)) :: ep3
<   integer                                            :: nx,ny,nz,nobjmax
<   real(mytype)                                       :: dx,dy,dz
<   real(mytype)                                       :: xlx,yly,zlz
<   logical                                            :: nclx,ncly,nclz
<   integer                                            :: nxraf,nyraf,nzraf
<   integer                                            :: nraf
<   integer,     dimension(xsize(2),xsize(3))          :: nobjx,nobjxraf
<   integer,     dimension(ysize(1),ysize(3))          :: nobjy,nobjyraf
<   integer,     dimension(zsize(1),zsize(2))          :: nobjz,nobjzraf
<   real(mytype),dimension(nobjmax,xsize(2),xsize(3))  :: xi,xf
<   real(mytype),dimension(nobjmax,ysize(1),ysize(3))  :: yi,yf
<   real(mytype),dimension(nobjmax,zsize(1),zsize(2))  :: zi,zf
<   !real(mytype),dimension(nxraf,xsize(2),xsize(3))    :: xepsi
<   !real(mytype),dimension(ysize(1),nyraf,ysize(3))    :: yepsi
<   !real(mytype),dimension(zsize(1),zsize(2),nzraf)    :: zepsi
<   real(mytype),allocatable,dimension(:,:,:)          :: xepsi,yepsi,zepsi
<   real(mytype),dimension(ny)                         :: yp
<   real(mytype),dimension(nyraf)                      :: ypraf
<   real(mytype)                     :: dxraf,dyraf,dzraf
<   integer                          :: i,j,k
<   integer                          :: ii,jj,kk
<   real(mytype)                     :: x,y,z
<   integer                          :: inum,jnum,knum
<   integer                          :: ibug,jbug,kbug
<   integer                          :: iobj,jobj,kobj
<   integer                          :: iflu,jflu,kflu
<   integer                          :: isol,jsol,ksol
<   integer                          :: iraf,jraf,kraf
<   integer                          :: nobjxmax ,nobjymax ,nobjzmax
<   integer                          :: nobjxmaxraf,nobjymaxraf,nobjzmaxraf
<   integer                          :: idebraf,jdebraf,kdebraf
<   integer                          :: ifinraf,jfinraf,kfinraf
<   character(len=4) suffixe
<   integer                          :: numvis
<   integer                          :: mpi_aux_i, code
< 
<   !X-pencil
<     allocate(xepsi(nxraf,xsize(2),xsize(3)))
---
>   subroutine gene_epsi_3D(ep1,nx,ny,nz,dx,dy,dz,xlx,yly,zlz ,&
>        nclx,ncly,nclz,nxraf,nyraf,nzraf   ,&
>        xi,xf,yi,yf,zi,zf,nobjx,nobjy,nobjz,&
>        nobjmax,yp,nraf)
>     use param, only : zero,half, one, two
>     use decomp_2d
>     use MPI
>     implicit none
>     !
>     real(mytype),dimension(xsize(1),xsize(2),xsize(3)) :: ep1,smoofun,fbcx,fbcy,fbcz
>     real(mytype),dimension(ysize(1),ysize(2),ysize(3)) :: ep2
>     real(mytype),dimension(zsize(1),zsize(2),zsize(3)) :: ep3
>     integer                                            :: nx,ny,nz,nobjmax
>     real(mytype)                                       :: dx,dy,dz
>     real(mytype)                                       :: xlx,yly,zlz
>     logical                                            :: nclx,ncly,nclz
>     integer                                            :: nxraf,nyraf,nzraf
>     integer                                            :: nraf
>     integer,     dimension(xsize(2),xsize(3))          :: nobjx,nobjxraf
>     integer,     dimension(ysize(1),ysize(3))          :: nobjy,nobjyraf
>     integer,     dimension(zsize(1),zsize(2))          :: nobjz,nobjzraf
>     real(mytype),dimension(nobjmax,xsize(2),xsize(3))  :: xi,xf
>     real(mytype),dimension(nobjmax,ysize(1),ysize(3))  :: yi,yf
>     real(mytype),dimension(nobjmax,zsize(1),zsize(2))  :: zi,zf
>     real(mytype),dimension(nxraf,xsize(2),xsize(3))    :: xepsi
>     real(mytype),dimension(ysize(1),nyraf,ysize(3))    :: yepsi
>     real(mytype),dimension(zsize(1),zsize(2),nzraf)    :: zepsi
>     real(mytype),dimension(ny)                         :: yp
>     real(mytype),dimension(nyraf)                      :: ypraf
>     real(mytype)                     :: dxraf,dyraf,dzraf
>     integer                          :: i,j,k
>     integer                          :: ii,jj,kk
>     real(mytype)                     :: x,y,z
>     integer                          :: inum,jnum,knum
>     integer                          :: ibug,jbug,kbug
>     integer                          :: iobj,jobj,kobj
>     integer                          :: iflu,jflu,kflu
>     integer                          :: isol,jsol,ksol
>     integer                          :: iraf,jraf,kraf
>     integer                          :: nobjxmax ,nobjymax ,nobjzmax
>     integer                          :: nobjxmaxraf,nobjymaxraf,nobjzmaxraf
>     integer                          :: idebraf,jdebraf,kdebraf
>     integer                          :: ifinraf,jfinraf,kfinraf
>     character(len=4) suffixe
>     integer                          :: numvis
>     integer                          :: mpi_aux_i, code
52a48
>     !x-pencil
55c51
<     if (nrank==0) print*,'    step 1'
---
>     ! if (nrank==0) print*,'    step 1'
57c53
<        dxraf =xlx/real(nxraf,mytype)
---
>        dxraf =xlx/real(nxraf, mytype)
59c55
<        dxraf =xlx/real(nxraf-1,mytype)
---
>        dxraf =xlx/real(nxraf-1, mytype)
63c59,83
<     if (nrank==0) print*,'    step 2'
---
>     ! if (nrank==0) print*,'    step 2'
>     !y-pencil
>     if(ncly)then
>        dyraf =yly/real(nyraf, mytype)
>     else
>        dyraf =yly/real(nyraf-1, mytype)
>     endif
>     do j=1,ny-1
>        do jraf=1,nraf
>           ypraf(jraf+nraf*(j-1))=yp(j)+real(jraf-1, mytype)*(yp(j+1)-yp(j))/real(nraf, mytype)
>        enddo
>     enddo
>     if(.not.ncly)ypraf(nyraf)=yp(ny)
>     yepsi=zero
>     call geomcomplex(yepsi,ystart(1),yend(1),nyraf,1,nyraf,ystart(3),yend(3),dx,ypraf,dz,one)
>     ! if (nrank==0) print*,'    step 3'
>     !z-pencil
>     if(nclz)then
>        dzraf=zlz/real(nzraf, mytype)
>     else
>        dzraf=zlz/real(nzraf-1, mytype)
>     endif
>     zepsi=zero
>     call geomcomplex(zepsi,zstart(1),zend(1),ny,zstart(2),zend(2),1,nzraf,dx,yp,dzraf,one)
>     ! if (nrank==0) print*,'    step 4'
64a85
>     !x-pencil
86c107
<     if (nrank==0) print*,'        nobjxmax=',mpi_aux_i
---
>     ! if (nrank==0) print*,'        nobjxmax=',mpi_aux_i
100c121
<              if(xepsi(i,j,k).eq.0..and.xepsi(i+1,j,k).eq.1.)then
---
>              if(xepsi(i,j,k).eq.zero.and.xepsi(i+1,j,k).eq.one)then
114c135
<     if (nrank==0) print*,'        nobjxmaxraf=',mpi_aux_i
---
>     ! if (nrank==0) print*,'        nobjxmaxraf=',mpi_aux_i
116,204c137,138
<     if (nrank==0) print*,'        ibug=',mpi_aux_i
<     if (nrank==0) print*,'    step 3'
< 
<     do k=1,xsize(3)
<        do j=1,xsize(2)
<           inum=0
<           if(xepsi(1,j,k).eq.1.)then
<              inum=inum+1
<              xi(inum,j,k)=-dx!-xlx
<           endif
<           do i=1,nxraf-1
<              if(xepsi(i,j,k).eq.0..and.xepsi(i+1,j,k).eq.1.)then
<                 inum=inum+1
<                 xi(inum,j,k)=dxraf*(i-1)+dxraf/2.
<              elseif(xepsi(i,j,k).eq.1..and.xepsi(i+1,j,k).eq.0.)then
<                 xf(inum,j,k)=dxraf*(i-1)+dxraf/2.
<              endif
<           enddo
<           if(xepsi(nxraf,j,k).eq.1.)then
<              xf(inum,j,k)=xlx+dx!2.*xlx
<           endif
<        enddo
<     enddo
< 
<     if(ibug.ne.0)then
<        do k=1,xsize(3)
<           do j=1,xsize(2)
<              if(nobjx(j,k).ne.nobjxraf(j,k))then
<                 iobj=0
<                 if(ep1(1,j,k).eq.1.)iobj=iobj+1
<                 do i=1,nx-1
<                    if(ep1(i,j,k).eq.0..and.ep1(i+1,j,k).eq.1.)iobj=iobj+1
<                    if(ep1(i,j,k).eq.0..and.ep1(i+1,j,k).eq.0.)iflu=1
<                    if(ep1(i,j,k).eq.1..and.ep1(i+1,j,k).eq.1.)isol=1
<                    do iraf=1,nraf
<                       if(xepsi(iraf+nraf*(i-1)  ,j,k).eq.0..and.&
<                            xepsi(iraf+nraf*(i-1)+1,j,k).eq.1.)idebraf=iraf+nraf*(i-1)+1
<                       if(xepsi(iraf+nraf*(i-1)  ,j,k).eq.1..and.&
<                            xepsi(iraf+nraf*(i-1)+1,j,k).eq.0.)ifinraf=iraf+nraf*(i-1)+1
<                    enddo
<                    if(idebraf.ne.0.and.ifinraf.ne.0.and.&
<                         idebraf.lt.ifinraf.and.iflu.eq.1)then
<                       iobj=iobj+1
<                       do ii=iobj,nobjmax-1
<                          xi(ii,j,k)=xi(ii+1,j,k)
<                          xf(ii,j,k)=xf(ii+1,j,k)
<                       enddo
<                       iobj=iobj-1
<                    endif
<                    if(idebraf.ne.0.and.ifinraf.ne.0.and.&
<                         idebraf.gt.ifinraf.and.isol.eq.1)then
<                       iobj=iobj+1
<                       do ii=iobj,nobjmax-1
<                          xi(ii,j,k)=xi(ii+1,j,k)
<                       enddo
<                       iobj=iobj-1
<                       do ii=iobj,nobjmax-1
<                          xf(ii,j,k)=xf(ii+1,j,k)
<                       enddo
<                    endif
<                    idebraf=0
<                    ifinraf=0
<                    iflu=0
<                 enddo
<              endif
<           enddo
<        enddo
<     endif
<     if (nrank==0) print*,'    step 4'
<     deallocate(xepsi)
< 
<   !Y-pencil
<     allocate(yepsi(ysize(1),nyraf,ysize(3)))
<     call transpose_x_to_y(ep1,ta2)
< 
<     if(ncly)then
<        dyraf =yly/real(nyraf,mytype)
<     else
<        dyraf =yly/real(nyraf-1,mytype)
<     endif
<     do j=1,ny-1
<        do jraf=1,nraf
<           ypraf(jraf+nraf*(j-1))=yp(j)+real(jraf-1,mytype)*(yp(j+1)-yp(j))/real(nraf,mytype)
<        enddo
<     enddo
<     if(.not.ncly)ypraf(nyraf)=yp(ny)
<     yepsi=zero
<     call geomcomplex(yepsi,ystart(1),yend(1),nyraf,1,nyraf,ystart(3),yend(3),dx,ypraf,dz,one)
<     if (nrank==0) print*,'    step 5'
---
>     ! if (nrank==0) print*,'        ibug=',mpi_aux_i
>     ! if (nrank==0) print*,'    step 5'
205a140
>     !y-pencil
207a143
>     call transpose_x_to_y(ep1,ep2)
211c147
<           if(ta2(i,1,k).eq.1.)then
---
>           if(ep2(i,1,k) == one)then
216c152
<              if(ta2(i,j,k).eq.0..and.ta2(i,j+1,k).eq.1.)then
---
>              if(ep2(i,j,k) == zero .and. ep2(i,j+1,k) == one)then
227c163
<     if (nrank==0) print*,'        nobjymax=',mpi_aux_i
---
>     ! if (nrank==0) print*,'        nobjymax=',mpi_aux_i
236c172
<           if(yepsi(i,1,k).eq.1.)then
---
>           if(yepsi(i,1,k) == one)then
241c177
<              if(yepsi(i,j,k).eq.0..and.yepsi(i,j+1,k).eq.1.)then
---
>              if(yepsi(i,j,k) == zero .and. yepsi(i,j+1,k) == one)then
255c191
<     if (nrank==0) print*,'        nobjymaxraf=',mpi_aux_i
---
>     ! if (nrank==0) print*,'        nobjymaxraf=',mpi_aux_i
257,343c193,194
<     if (nrank==0) print*,'        jbug=',mpi_aux_i
<     if (nrank==0) print*,'    step 6'
< 
<     do k=1,ysize(3)
<        do i=1,ysize(1)
<           jnum=0
<           if(yepsi(i,1,k).eq.1.)then
<              jnum=jnum+1
<              if (istret.ne.0) yi(jnum,i,k)=-(yp(2)-yp(1))!-yly
<              if (istret.eq.0) yi(jnum,i,k)=-dy
<           endif
<           do j=1,nyraf-1
<              if(yepsi(i,j,k).eq.0..and.yepsi(i,j+1,k).eq.1.)then
<                 jnum=jnum+1
<                 if (istret.ne.0) yi(jnum,i,k)=ypraf(j)+(ypraf(j+1)-ypraf(j))/2.!dyraf*(j-1)+dyraf/2.
<                 if (istret.eq.0) yi(jnum,i,k)=dyraf*(j-1)+dyraf/2.
<              elseif(yepsi(i,j,k).eq.1..and.yepsi(i,j+1,k).eq.0.)then
<                 if (istret.ne.0) yf(jnum,i,k)=ypraf(j)+(ypraf(j+1)-ypraf(j))/2.!dyraf*(j-1)+dyraf/2.
<                 if (istret.eq.0) yf(jnum,i,k)=dyraf*(j-1)+dyraf/2.
<              endif
<           enddo
<           if(yepsi(i,nyraf,k).eq.1.)then
<              if (istret.ne.0) yf(jnum,i,k)=yly+(yp(ny)-yp(ny-1))/2.!2.*yly
<              if (istret.eq.0) yf(jnum,i,k)=yly+dy
<           endif
<        enddo
<     enddo
< 
<     if(jbug.ne.0)then
<        do k=1,ysize(3)
<           do i=1,ysize(1)
<              if(nobjy(i,k).ne.nobjyraf(i,k))then
<                 jobj=0
<                 if(ta2(i,1,k).eq.1.)jobj=jobj+1
<                 do j=1,ny-1
<                    if(ta2(i,j,k).eq.0..and.ta2(i,j+1,k).eq.1.)jobj=jobj+1
<                    if(ta2(i,j,k).eq.0..and.ta2(i,j+1,k).eq.0.)jflu=1
<                    if(ta2(i,j,k).eq.1..and.ta2(i,j+1,k).eq.1.)jsol=1
<                    do jraf=1,nraf
<                       if(yepsi(i,jraf+nraf*(j-1)  ,k).eq.0..and.&
<                            yepsi(i,jraf+nraf*(j-1)+1,k).eq.1.)jdebraf=jraf+nraf*(j-1)+1
<                       if(yepsi(i,jraf+nraf*(j-1)  ,k).eq.1..and.&
<                            yepsi(i,jraf+nraf*(j-1)+1,k).eq.0.)jfinraf=jraf+nraf*(j-1)+1
<                    enddo
<                    if(jdebraf.ne.0.and.jfinraf.ne.0.and.&
<                         jdebraf.lt.jfinraf.and.jflu.eq.1)then
<                       jobj=jobj+1
<                       do jj=jobj,nobjmax-1
<                          yi(jj,i,k)=yi(jj+1,i,k)
<                          yf(jj,i,k)=yf(jj+1,i,k)
<                       enddo
<                       jobj=jobj-1
<                    endif
<                    if(jdebraf.ne.0.and.jfinraf.ne.0.and.&
<                         jdebraf.gt.jfinraf.and.jsol.eq.1)then
<                       jobj=jobj+1
<                       do jj=jobj,nobjmax-1
<                          yi(jj,i,k)=yi(jj+1,i,k)
<                       enddo
<                       jobj=jobj-1
<                       do jj=jobj,nobjmax-1
<                          yf(jj,i,k)=yf(jj+1,i,k)
<                       enddo
<                    endif
<                    jdebraf=0
<                    jfinraf=0
<                    jflu=0
<                 enddo
<              endif
<           enddo
<        enddo
<     endif
<     if (nrank==0) print*,'    step 7'
<     deallocate(yepsi)
< 
<   !Z-pencil
<     allocate(zepsi(zsize(1),zsize(2),nzraf))
<     call transpose_y_to_z(ta2,ta3)
< 
<     if(nclz)then
<        dzraf=zlz/real(nzraf,mytype)
<     else
<        dzraf=zlz/real(nzraf-1,mytype)
<     endif
<     zepsi=zero
<     call geomcomplex(zepsi,zstart(1),zend(1),ny,zstart(2),zend(2),1,nzraf,dx,yp,dzraf,one)
<     if (nrank==0) print*,'    step 8'
---
>     ! if (nrank==0) print*,'        jbug=',mpi_aux_i
>     ! if (nrank==0) print*,'    step 6'
344a196
>     !z-pencil
346a199
>     call transpose_y_to_z(ep2,ep3)
350c203
<           if(ta3(i,j,1).eq.1.)then
---
>           if(ep3(i,j,1) == one)then
355c208
<              if(ta3(i,j,k).eq.0..and.ta3(i,j,k+1).eq.1.)then
---
>              if(ep3(i,j,k) == zero .and. ep3(i,j,k+1) == one)then
366c219
<     if (nrank==0) print*,'        nobjzmax=',mpi_aux_i
---
>     ! if (nrank==0) print*,'        nobjzmax=',mpi_aux_i
375c228
<           if(zepsi(i,j,1).eq.1.)then
---
>           if(zepsi(i,j,1) == one)then
380c233
<              if(zepsi(i,j,k).eq.0..and.zepsi(i,j,k+1).eq.1.)then
---
>              if(zepsi(i,j,k) == zero .and. zepsi(i,j,k+1) == one)then
394c247
<     if (nrank==0) print*,'        nobjzmaxraf=',mpi_aux_i
---
>     ! if (nrank==0) print*,'        nobjzmaxraf=',mpi_aux_i
396,397c249,386
<     if (nrank==0) print*,'        kbug=',mpi_aux_i
<     if (nrank==0) print*,'    step 9'
---
>     ! if (nrank==0) print*,'        kbug=',mpi_aux_i
>     ! if (nrank==0) print*,'    step 7'
> 
>     !x-pencil
>     do k=1,xsize(3)
>        do j=1,xsize(2)
>           inum=0
>           if(xepsi(1,j,k) == one)then
>              inum=inum+1
>              xi(inum,j,k)=-dx!-xlx
>           endif
>           do i=1,nxraf-1
>              if(xepsi(i,j,k) == zero .and. xepsi(i+1,j,k) == one)then
>                 inum=inum+1
>                 xi(inum,j,k)=dxraf*(i-1)+dxraf/2.
>              elseif(xepsi(i,j,k) == one .and. xepsi(i+1,j,k)== zero)then
>                 xf(inum,j,k)=dxraf*(i-1)+dxraf/2.
>              endif
>           enddo
>           if(xepsi(nxraf,j,k)==1.)then
>              xf(inum,j,k)=xlx+dx!2.*xlx
>           endif
>        enddo
>     enddo
> 
>     if(ibug /= 0)then
>        do k=1,xsize(3)
>           do j=1,xsize(2)
>              if(nobjx(j,k) /= nobjxraf(j,k))then
>                 iobj=0
>                 if(ep1(1,j,k) == one)iobj=iobj+1
>                 do i=1,nx-1
>                    if(ep1(i,j,k) == zero .and. ep1(i+1,j,k) ==  one)iobj=iobj+1
>                    if(ep1(i,j,k) == zero .and. ep1(i+1,j,k) == zero)iflu=1
>                    if(ep1(i,j,k) ==  one .and. ep1(i+1,j,k) ==  one)isol=1
>                    do iraf=1,nraf
>                       if(xepsi(iraf+nraf*(i-1)  ,j,k) == zero .and.&
>                          xepsi(iraf+nraf*(i-1)+1,j,k) ==  one)idebraf=iraf+nraf*(i-1)+1
>                       if(xepsi(iraf+nraf*(i-1)  ,j,k) ==  one .and.&
>                          xepsi(iraf+nraf*(i-1)+1,j,k) == zero)ifinraf=iraf+nraf*(i-1)+1
>                    enddo
>                    if(idebraf /= 0 .and. ifinraf /= 0 .and.&
>                       idebraf < ifinraf .and. iflu == 1)then
>                       iobj=iobj+1
>                       do ii=iobj,nobjmax-1
>                          xi(ii,j,k)=xi(ii+1,j,k)
>                          xf(ii,j,k)=xf(ii+1,j,k)
>                       enddo
>                       iobj=iobj-1
>                    endif
>                    if(idebraf /= 0 .and. ifinraf /= 0 .and.&
>                       idebraf > ifinraf .and. isol==1)then
>                       iobj=iobj+1
>                       do ii=iobj,nobjmax-1
>                          xi(ii,j,k)=xi(ii+1,j,k)
>                       enddo
>                       iobj=iobj-1
>                       do ii=iobj,nobjmax-1
>                          xf(ii,j,k)=xf(ii+1,j,k)
>                       enddo
>                    endif
>                    idebraf=0
>                    ifinraf=0
>                    iflu=0
>                 enddo
>              endif
>           enddo
>        enddo
>     endif
>     !if (nrank==0) write(*,*) '    step 8'
> 
>     !y-pencil
>     do k=1,ysize(3)
>        do i=1,ysize(1)
>           jnum=0
>           if(yepsi(i,1,k) == one)then
>              jnum=jnum+1
>              yi(jnum,i,k)=-(yp(2)-yp(1))!-yly
>           endif
>           do j=1,nyraf-1
>              if(yepsi(i,j,k) == zero .and. yepsi(i,j+1,k) == one)then
>                 jnum=jnum+1
>                 yi(jnum,i,k)=ypraf(j)+(ypraf(j+1)-ypraf(j))*half!dyraf*(j-1)+dyraf/2.
>              elseif(yepsi(i,j,k) == one .and. yepsi(i,j+1,k) == zero)then
>                 yf(jnum,i,k)=ypraf(j)+(ypraf(j+1)-ypraf(j))*half!dyraf*(j-1)+dyraf/2.
>              endif
>           enddo
>           if(yepsi(i,nyraf,k) == one)then
>              yf(jnum,i,k)=yly+(yp(ny)-yp(ny-1))*half!2.*yly
>           endif
>        enddo
>     enddo
> 
>     if(jbug /= 0)then
>        do k=1,ysize(3)
>           do i=1,ysize(1)
>              if(nobjy(i,k) /= nobjyraf(i,k))then
>                 jobj=0
>                 if(ep2(i,1,k) == one)jobj=jobj+1
>                 do j=1,ny-1
>                    if(ep2(i,j,k) == zero .and. ep2(i,j+1,k) ==  one)jobj=jobj+1
>                    if(ep2(i,j,k) == zero .and. ep2(i,j+1,k) == zero)jflu=1
>                    if(ep2(i,j,k) ==  one .and. ep2(i,j+1,k) ==  one)jsol=1
>                    do jraf=1,nraf
>                       if(yepsi(i,jraf+nraf*(j-1)  ,k) == zero .and.&
>                          yepsi(i,jraf+nraf*(j-1)+1,k) ==  one)jdebraf=jraf+nraf*(j-1)+1
>                       if(yepsi(i,jraf+nraf*(j-1)  ,k) ==  one .and.&
>                          yepsi(i,jraf+nraf*(j-1)+1,k) == zero)jfinraf=jraf+nraf*(j-1)+1
>                    enddo
>                    if(jdebraf /= 0 .and. jfinraf /= 0 .and.&
>                       jdebraf < jfinraf.and.jflu == 1)then
>                       jobj=jobj+1
>                       do jj=jobj,nobjmax-1
>                          yi(jj,i,k)=yi(jj+1,i,k)
>                          yf(jj,i,k)=yf(jj+1,i,k)
>                       enddo
>                       jobj=jobj-1
>                    endif
>                    if(jdebraf /= 0 .and. jfinraf /= 0 .and.&
>                       jdebraf > jfinraf .and. jsol == 1)then
>                       jobj=jobj+1
>                       do jj=jobj,nobjmax-1
>                          yi(jj,i,k)=yi(jj+1,i,k)
>                       enddo
>                       jobj=jobj-1
>                       do jj=jobj,nobjmax-1
>                          yf(jj,i,k)=yf(jj+1,i,k)
>                       enddo
>                    endif
>                    jdebraf=0
>                    jfinraf=0
>                    jflu=0
>                 enddo
>              endif
>           enddo
>        enddo
>     endif
>     !if (nrank==0) write(*,*) '    step 9'
398a388
>     !z-pencil
402c392
<           if(zepsi(i,j,1).eq.1.)then
---
>           if(zepsi(i,j,1) == one)then
407c397
<              if(zepsi(i,j,k).eq.0..and.zepsi(i,j,k+1).eq.1.)then
---
>              if(zepsi(i,j,k) == zero .and. zepsi(i,j,k+1) == one)then
409,411c399,401
<                 zi(knum,i,j)=dzraf*(k-1)+dzraf/2.
<              elseif(zepsi(i,j,k).eq.1..and.zepsi(i,j,k+1).eq.0.)then
<                 zf(knum,i,j)=dzraf*(k-1)+dzraf/2.
---
>                 zi(knum,i,j)=dzraf*(k-1)+dzraf*half
>              elseif(zepsi(i,j,k) == one .and. zepsi(i,j,k+1) == zero)then
>                 zf(knum,i,j)=dzraf*(k-1)+dzraf*half
414c404
<           if(zepsi(i,j,nzraf).eq.1.)then
---
>           if(zepsi(i,j,nzraf) == one)then
419a410
>     kdebraf=0
423c414
<              if(nobjz(i,j).ne.nobjzraf(i,j))then
---
>              if(nobjz(i,j) /= nobjzraf(i,j))then
425c416
<                 if(ta3(i,j,1).eq.1.)kobj=kobj+1
---
>                 if(ep3(i,j,1) == one)kobj=kobj+1
427,429c418,420
<                    if(ta3(i,j,k).eq.0..and.ta3(i,j,k+1).eq.1.)kobj=kobj+1
<                    if(ta3(i,j,k).eq.0..and.ta3(i,j,k+1).eq.0.)kflu=1
<                    if(ta3(i,j,k).eq.1..and.ta3(i,j,k+1).eq.1.)ksol=1
---
>                    if(ep3(i,j,k) == zero .and. ep3(i,j,k+1) ==  one)kobj=kobj+1
>                    if(ep3(i,j,k) == zero .and. ep3(i,j,k+1) == zero)kflu=1
>                    if(ep3(i,j,k) ==  one .and. ep3(i,j,k+1) ==  one)ksol=1
431,434c422,425
<                       if(zepsi(i,j,kraf+nraf*(k-1)  ).eq.0..and.&
<                            zepsi(i,j,kraf+nraf*(k-1)+1).eq.1.)kdebraf=kraf+nraf*(k-1)+1
<                       if(zepsi(i,j,kraf+nraf*(k-1)  ).eq.1..and.&
<                            zepsi(i,j,kraf+nraf*(k-1)+1).eq.0.)kfinraf=kraf+nraf*(k-1)+1
---
>                       if(zepsi(i,j,kraf+nraf*(k-1)  ) == zero .and.&
>                          zepsi(i,j,kraf+nraf*(k-1)+1) ==  one)kdebraf=kraf+nraf*(k-1)+1
>                       if(zepsi(i,j,kraf+nraf*(k-1)  ) ==  one .and.&
>                          zepsi(i,j,kraf+nraf*(k-1)+1) == zero)kfinraf=kraf+nraf*(k-1)+1
436,437c427,428
<                    if(kdebraf.ne.0.and.kfinraf.ne.0.and.&
<                         kdebraf.lt.kfinraf.and.kflu.eq.1)then
---
>                    if(kdebraf /= 0      .and. kfinraf /= 0 .and.&
>                       kdebraf < kfinraf .and. kflu    == 1)then
445,446c436,437
<                    if(kdebraf.ne.0.and.kfinraf.ne.0.and.&
<                         kdebraf.gt.kfinraf.and.ksol.eq.1)then
---
>                    if(kdebraf /= 0      .and. kfinraf /= 0.and.&
>                       kdebraf > kfinraf .and.    ksol == 1)then
464,465c455
<     if (nrank==0) print*,'    step 10'
<     deallocate(zepsi)
---
>     ! if (nrank==0) print*,'    step 10'
468c458
< end subroutine gene_epsi_3D
---
>   end subroutine gene_epsi_3D
